<?xml version="1.0" encoding="UTF-8"?>
<!-- Generated by org.testng.reporters.JUnitReportReporter -->
<testsuite hostname="DESKTOP-8SS3PQ4" failures="0" tests="2" name="BDD.Cucumber.TestRunner" time="25.901" errors="0" timestamp="2023-12-13T14:22:23 CAT" skipped="0">
  <testcase classname="BDD.Cucumber.TestRunner" name="runScenario" time="6.900"/>
  <system-out/>
  <testcase classname="BDD.Cucumber.TestRunner" name="runScenario" time="19.001"/>
  <system-out/>
</testsuite> <!-- BDD.Cucumber.TestRunner -->
